0 verbose cli C:\Program Files\nodejs\node.exe C:\Program Files\nodejs\node_modules\npm\bin\npm-cli.js
1 info using npm@11.6.2
2 info using node@v25.2.1
3 silly config load:file:C:\Program Files\nodejs\node_modules\npm\npmrc
4 silly config load:file:C:\Users\loq\OneDrive\Documents\Desktop\Archive\Nextjs-Course-2026-master\Fullstack-Projects\leetcode\.npmrc
5 silly config load:file:C:\Users\loq\.npmrc
6 silly config load:file:C:\Users\loq\AppData\Roaming\npm\etc\npmrc
7 verbose title npm install
8 verbose argv "install" "--cache" ".npm-cache"
9 verbose logfile logs-max:10 dir:C:\Users\loq\OneDrive\Documents\Desktop\Archive\Nextjs-Course-2026-master\Fullstack-Projects\leetcode\.npm-cache\_logs\2026-04-25T15_21_00_810Z-
10 verbose logfile C:\Users\loq\OneDrive\Documents\Desktop\Archive\Nextjs-Course-2026-master\Fullstack-Projects\leetcode\.npm-cache\_logs\2026-04-25T15_21_00_810Z-debug-0.log
11 silly logfile done cleaning log files
12 silly packumentCache heap:4496293888 maxSize:1124073472 maxEntrySize:562036736
13 verbose shrinkwrap failed to load node_modules/.package-lock.json out of date, updated: node_modules
14 silly idealTree buildDeps
15 silly fetch manifest prisma@^6.15.0
16 silly packumentCache full:https://registry.npmjs.org/prisma cache-miss
17 http cache https://registry.npmjs.org/prisma 254ms (cache hit)
18 silly packumentCache full:https://registry.npmjs.org/prisma set size:43196273 disposed:false
19 silly fetch manifest typescript@>=5.1.0
20 silly packumentCache full:https://registry.npmjs.org/typescript cache-miss
21 http cache https://registry.npmjs.org/typescript 77ms (cache hit)
22 silly packumentCache full:https://registry.npmjs.org/typescript set size:15409943 disposed:false
23 silly placeDep ROOT prisma@6.19.3 OK for: leetcode@0.1.0 want: ^6.15.0
24 silly fetch manifest @prisma/config@6.19.3
25 silly packumentCache full:https://registry.npmjs.org/@prisma%2fconfig cache-miss
26 silly fetch manifest @prisma/engines@6.19.3
27 silly packumentCache full:https://registry.npmjs.org/@prisma%2fengines cache-miss
28 http cache https://registry.npmjs.org/@prisma%2fconfig 47ms (cache hit)
29 silly packumentCache full:https://registry.npmjs.org/@prisma%2fconfig set size:3759208 disposed:false
30 http cache https://registry.npmjs.org/@prisma%2fengines 92ms (cache hit)
31 silly packumentCache full:https://registry.npmjs.org/@prisma%2fengines set size:21741624 disposed:false
32 silly placeDep ROOT @prisma/config@6.19.3 OK for: prisma@6.19.3 want: 6.19.3
33 silly placeDep ROOT @prisma/engines@6.19.3 OK for: prisma@6.19.3 want: 6.19.3
34 silly fetch manifest c12@3.1.0
35 silly packumentCache full:https://registry.npmjs.org/c12 cache-miss
36 silly fetch manifest effect@3.21.0
37 silly packumentCache full:https://registry.npmjs.org/effect cache-miss
38 silly fetch manifest empathic@2.0.0
39 silly packumentCache full:https://registry.npmjs.org/empathic cache-miss
40 silly fetch manifest deepmerge-ts@7.1.5
41 silly packumentCache full:https://registry.npmjs.org/deepmerge-ts cache-miss
42 silly fetch manifest @prisma/debug@6.19.3
43 silly packumentCache full:https://registry.npmjs.org/@prisma%2fdebug cache-miss
44 silly fetch manifest @prisma/fetch-engine@6.19.3
45 silly packumentCache full:https://registry.npmjs.org/@prisma%2ffetch-engine cache-miss
46 silly fetch manifest @prisma/get-platform@6.19.3
47 silly packumentCache full:https://registry.npmjs.org/@prisma%2fget-platform cache-miss
48 silly fetch manifest @prisma/engines-version@7.1.1-3.c2990dca591cba766e3b7ef5d9e8a84796e47ab7
49 silly packumentCache full:https://registry.npmjs.org/@prisma%2fengines-version cache-miss
50 http cache https://registry.npmjs.org/deepmerge-ts 24ms (cache hit)
51 silly packumentCache full:https://registry.npmjs.org/deepmerge-ts set size:334522 disposed:false
52 http cache https://registry.npmjs.org/c12 31ms (cache hit)
53 silly packumentCache full:https://registry.npmjs.org/c12 set size:169885 disposed:false
54 http cache https://registry.npmjs.org/empathic 32ms (cache hit)
55 silly packumentCache full:https://registry.npmjs.org/empathic set size:18290 disposed:false
56 http cache https://registry.npmjs.org/effect 57ms (cache hit)
57 silly packumentCache full:https://registry.npmjs.org/effect set size:9957812 disposed:false
58 http cache https://registry.npmjs.org/@prisma%2fengines-version 136ms (cache hit)
59 silly packumentCache full:https://registry.npmjs.org/@prisma%2fengines-version set size:9921445 disposed:false
60 http cache https://registry.npmjs.org/@prisma%2ffetch-engine 225ms (cache hit)
61 silly packumentCache full:https://registry.npmjs.org/@prisma%2ffetch-engine set size:32266276 disposed:false
62 http cache https://registry.npmjs.org/@prisma%2fget-platform 406ms (cache hit)
63 silly packumentCache full:https://registry.npmjs.org/@prisma%2fget-platform set size:28375294 disposed:false
64 http cache https://registry.npmjs.org/@prisma%2fdebug 620ms (cache hit)
65 silly packumentCache full:https://registry.npmjs.org/@prisma%2fdebug set size:28692014 disposed:false
66 silly fetch manifest magicast@^0.3.5
67 silly packumentCache full:https://registry.npmjs.org/magicast cache-miss
68 http cache https://registry.npmjs.org/magicast 9ms (cache hit)
69 silly packumentCache full:https://registry.npmjs.org/magicast set size:81021 disposed:false
70 silly placeDep ROOT c12@3.1.0 OK for: @prisma/config@6.19.3 want: 3.1.0
71 silly placeDep ROOT deepmerge-ts@7.1.5 OK for: @prisma/config@6.19.3 want: 7.1.5
72 silly placeDep ROOT effect@3.21.0 OK for: @prisma/config@6.19.3 want: 3.21.0
73 silly placeDep ROOT empathic@2.0.0 OK for: @prisma/config@6.19.3 want: 2.0.0
74 silly fetch manifest rc9@^2.1.2
75 silly packumentCache full:https://registry.npmjs.org/rc9 cache-miss
76 silly fetch manifest defu@^6.1.4
77 silly packumentCache full:https://registry.npmjs.org/defu cache-miss
78 silly fetch manifest giget@^2.0.0
79 silly packumentCache full:https://registry.npmjs.org/giget cache-miss
80 silly fetch manifest ohash@^2.0.11
81 silly packumentCache full:https://registry.npmjs.org/ohash cache-miss
82 silly fetch manifest pathe@^2.0.3
83 silly packumentCache full:https://registry.npmjs.org/pathe cache-miss
84 silly fetch manifest dotenv@^16.6.1
85 silly packumentCache full:https://registry.npmjs.org/dotenv cache-miss
86 silly fetch manifest confbox@^0.2.2
87 silly packumentCache full:https://registry.npmjs.org/confbox cache-miss
88 silly fetch manifest exsolve@^1.0.7
89 silly packumentCache full:https://registry.npmjs.org/exsolve cache-miss
90 silly fetch manifest chokidar@^4.0.3
91 silly packumentCache full:https://registry.npmjs.org/chokidar cache-miss
92 silly fetch manifest pkg-types@^2.2.0
93 silly packumentCache full:https://registry.npmjs.org/pkg-types cache-miss
94 silly fetch manifest perfect-debounce@^1.0.0
95 silly packumentCache full:https://registry.npmjs.org/perfect-debounce cache-miss
96 http cache https://registry.npmjs.org/dotenv 22ms (cache hit)
97 silly packumentCache full:https://registry.npmjs.org/dotenv set size:277832 disposed:false
98 silly fetch manifest fast-check@^3.23.1
99 silly packumentCache full:https://registry.npmjs.org/fast-check cache-miss
100 http cache https://registry.npmjs.org/giget 28ms (cache hit)
101 silly packumentCache full:https://registry.npmjs.org/giget set size:97515 disposed:false
102 silly fetch manifest @standard-schema/spec@^1.0.0
103 silly packumentCache full:https://registry.npmjs.org/@standard-schema%2fspec cache-miss
104 http cache https://registry.npmjs.org/defu 31ms (cache hit)
105 silly packumentCache full:https://registry.npmjs.org/defu set size:87806 disposed:false
106 http cache https://registry.npmjs.org/ohash 33ms (cache hit)
107 silly packumentCache full:https://registry.npmjs.org/ohash set size:69122 disposed:false
108 http cache https://registry.npmjs.org/exsolve 34ms (cache hit)
109 silly packumentCache full:https://registry.npmjs.org/exsolve set size:56620 disposed:false
110 http cache https://registry.npmjs.org/pkg-types 35ms (cache hit)
111 silly packumentCache full:https://registry.npmjs.org/pkg-types set size:85931 disposed:false
112 http cache https://registry.npmjs.org/rc9 37ms (cache hit)
113 silly packumentCache full:https://registry.npmjs.org/rc9 set size:62610 disposed:false
114 http cache https://registry.npmjs.org/confbox 38ms (cache hit)
115 silly packumentCache full:https://registry.npmjs.org/confbox set size:44789 disposed:false
116 http cache https://registry.npmjs.org/perfect-debounce 39ms (cache hit)
117 silly packumentCache full:https://registry.npmjs.org/perfect-debounce set size:28201 disposed:false
118 http cache https://registry.npmjs.org/pathe 41ms (cache hit)
119 silly packumentCache full:https://registry.npmjs.org/pathe set size:68788 disposed:false
120 http cache https://registry.npmjs.org/chokidar 43ms (cache hit)
121 silly packumentCache full:https://registry.npmjs.org/chokidar set size:255902 disposed:false
122 http cache https://registry.npmjs.org/fast-check 28ms (cache hit)
123 silly packumentCache full:https://registry.npmjs.org/fast-check set size:938047 disposed:false
124 http cache https://registry.npmjs.org/@standard-schema%2fspec 33ms (cache hit)
125 silly packumentCache full:https://registry.npmjs.org/@standard-schema%2fspec set size:27284 disposed:false
126 silly placeDep ROOT @prisma/debug@6.19.3 OK for: @prisma/engines@6.19.3 want: 6.19.3
127 silly placeDep ROOT @prisma/engines-version@7.1.1-3.c2990dca591cba766e3b7ef5d9e8a84796e47ab7 OK for: @prisma/engines@6.19.3 want: 7.1.1-3.c2990dca591cba766e3b7ef5d9e8a84796e47ab7
128 silly placeDep ROOT @prisma/fetch-engine@6.19.3 OK for: @prisma/engines@6.19.3 want: 6.19.3
129 silly placeDep ROOT @prisma/get-platform@6.19.3 OK for: @prisma/engines@6.19.3 want: 6.19.3
130 silly placeDep ROOT chokidar@4.0.3 OK for: c12@3.1.0 want: ^4.0.3
131 silly placeDep ROOT confbox@0.2.4 OK for: c12@3.1.0 want: ^0.2.2
132 silly placeDep ROOT defu@6.1.7 OK for: c12@3.1.0 want: ^6.1.4
133 silly placeDep ROOT dotenv@16.6.1 OK for: c12@3.1.0 want: ^16.6.1
134 silly placeDep ROOT exsolve@1.0.8 OK for: c12@3.1.0 want: ^1.0.7
135 silly placeDep ROOT giget@2.0.0 OK for: c12@3.1.0 want: ^2.0.0
136 silly placeDep ROOT ohash@2.0.11 OK for: c12@3.1.0 want: ^2.0.11
137 silly placeDep ROOT pathe@2.0.3 OK for: c12@3.1.0 want: ^2.0.3
138 silly placeDep ROOT perfect-debounce@1.0.0 OK for: c12@3.1.0 want: ^1.0.0
139 silly placeDep ROOT pkg-types@2.3.0 OK for: c12@3.1.0 want: ^2.2.0
140 silly placeDep ROOT rc9@2.1.2 OK for: c12@3.1.0 want: ^2.1.2
141 silly fetch manifest readdirp@^4.0.1
142 silly packumentCache full:https://registry.npmjs.org/readdirp cache-miss
143 silly fetch manifest nypm@^0.6.0
144 silly packumentCache full:https://registry.npmjs.org/nypm cache-miss
145 silly fetch manifest citty@^0.1.6
146 silly packumentCache full:https://registry.npmjs.org/citty cache-miss
147 silly fetch manifest consola@^3.4.0
148 silly packumentCache full:https://registry.npmjs.org/consola cache-miss
149 silly fetch manifest node-fetch-native@^1.6.6
150 silly packumentCache full:https://registry.npmjs.org/node-fetch-native cache-miss
151 silly fetch manifest destr@^2.0.3
152 silly packumentCache full:https://registry.npmjs.org/destr cache-miss
153 http cache https://registry.npmjs.org/node-fetch-native 28ms (cache hit)
154 silly packumentCache full:https://registry.npmjs.org/node-fetch-native set size:114626 disposed:false
155 http cache https://registry.npmjs.org/readdirp 31ms (cache hit)
156 silly packumentCache full:https://registry.npmjs.org/readdirp set size:107589 disposed:false
157 http cache https://registry.npmjs.org/nypm 33ms (cache hit)
158 silly packumentCache full:https://registry.npmjs.org/nypm set size:84925 disposed:false
159 http cache https://registry.npmjs.org/consola 34ms (cache hit)
160 silly packumentCache full:https://registry.npmjs.org/consola set size:324648 disposed:false
161 http cache https://registry.npmjs.org/citty 38ms (cache hit)
162 silly packumentCache full:https://registry.npmjs.org/citty set size:38582 disposed:false
163 http cache https://registry.npmjs.org/destr 38ms (cache hit)
164 silly packumentCache full:https://registry.npmjs.org/destr set size:65344 disposed:false
165 silly placeDep ROOT readdirp@4.1.2 OK for: chokidar@4.0.3 want: ^4.0.1
166 silly placeDep ROOT @standard-schema/spec@1.1.0 OK for: effect@3.21.0 want: ^1.0.0
167 silly placeDep ROOT fast-check@3.23.2 OK for: effect@3.21.0 want: ^3.23.1
168 silly fetch manifest pure-rand@^6.1.0
169 silly packumentCache full:https://registry.npmjs.org/pure-rand cache-miss
170 http cache https://registry.npmjs.org/pure-rand 7ms (cache hit)
171 silly packumentCache full:https://registry.npmjs.org/pure-rand set size:185950 disposed:false
172 silly placeDep ROOT pure-rand@6.1.0 OK for: fast-check@3.23.2 want: ^6.1.0
173 silly placeDep ROOT citty@0.1.6 OK for: giget@2.0.0 want: ^0.1.6
174 silly placeDep ROOT consola@3.4.2 OK for: giget@2.0.0 want: ^3.4.0
175 silly placeDep ROOT node-fetch-native@1.6.7 OK for: giget@2.0.0 want: ^1.6.6
176 silly placeDep ROOT nypm@0.6.6 OK for: giget@2.0.0 want: ^0.6.0
177 silly fetch manifest consola@^3.2.3
178 silly packumentCache full:https://registry.npmjs.org/consola cache-hit
179 silly fetch manifest citty@^0.2.2
180 silly packumentCache full:https://registry.npmjs.org/citty cache-hit
181 silly fetch manifest tinyexec@^1.1.1
182 silly packumentCache full:https://registry.npmjs.org/tinyexec cache-miss
183 http cache https://registry.npmjs.org/tinyexec 8ms (cache hit)
184 silly packumentCache full:https://registry.npmjs.org/tinyexec set size:46908 disposed:false
185 silly placeDep node_modules/nypm citty@0.2.2 OK for: nypm@0.6.6 want: ^0.2.2
186 silly placeDep ROOT tinyexec@1.1.1 OK for: nypm@0.6.6 want: ^1.1.1
187 silly placeDep ROOT destr@2.0.5 OK for: rc9@2.1.2 want: ^2.0.3
188 silly reify moves {}
189 silly audit bulk request {
189 silly audit   '@alloc/quick-lru': [ '5.2.0' ],
189 silly audit   '@babel/runtime': [ '7.28.4' ],
189 silly audit   '@clerk/backend': [ '2.13.0' ],
189 silly audit   '@clerk/clerk-react': [ '5.46.2' ],
189 silly audit   '@clerk/nextjs': [ '6.31.10' ],
189 silly audit   '@clerk/shared': [ '3.24.2' ],
189 silly audit   '@clerk/types': [ '4.85.0' ],
189 silly audit   '@date-fns/tz': [ '1.4.1' ],
189 silly audit   '@emnapi/core': [ '1.5.0' ],
189 silly audit   '@emnapi/runtime': [ '1.5.0' ],
189 silly audit   '@emnapi/wasi-threads': [ '1.1.0' ],
189 silly audit   '@eslint-community/eslint-utils': [ '4.9.0' ],
189 silly audit   'eslint-visitor-keys': [ '3.4.3', '4.2.1' ],
189 silly audit   '@eslint-community/regexpp': [ '4.12.1' ],
189 silly audit   '@eslint/config-array': [ '0.21.0' ],
189 silly audit   '@eslint/config-helpers': [ '0.3.1' ],
189 silly audit   '@eslint/core': [ '0.15.2' ],
189 silly audit   '@eslint/eslintrc': [ '3.3.1' ],
189 silly audit   '@eslint/js': [ '9.35.0' ],
189 silly audit   '@eslint/object-schema': [ '2.1.6' ],
189 silly audit   '@eslint/plugin-kit': [ '0.3.5' ],
189 silly audit   '@floating-ui/core': [ '1.7.3' ],
189 silly audit   '@floating-ui/dom': [ '1.7.4' ],
189 silly audit   '@floating-ui/react-dom': [ '2.1.6' ],
189 silly audit   '@floating-ui/utils': [ '0.2.10' ],
189 silly audit   '@hookform/resolvers': [ '5.2.1' ],
189 silly audit   '@humanfs/core': [ '0.19.1' ],
189 silly audit   '@humanfs/node': [ '0.16.7' ],
189 silly audit   '@humanwhocodes/module-importer': [ '1.0.1' ],
189 silly audit   '@humanwhocodes/retry': [ '0.4.3' ],
189 silly audit   '@img/sharp-darwin-arm64': [ '0.34.3' ],
189 silly audit   '@img/sharp-darwin-x64': [ '0.34.3' ],
189 silly audit   '@img/sharp-libvips-darwin-arm64': [ '1.2.0' ],
189 silly audit   '@img/sharp-libvips-darwin-x64': [ '1.2.0' ],
189 silly audit   '@img/sharp-libvips-linux-arm': [ '1.2.0' ],
189 silly audit   '@img/sharp-libvips-linux-arm64': [ '1.2.0' ],
189 silly audit   '@img/sharp-libvips-linux-ppc64': [ '1.2.0' ],
189 silly audit   '@img/sharp-libvips-linux-s390x': [ '1.2.0' ],
189 silly audit   '@img/sharp-libvips-linux-x64': [ '1.2.0' ],
189 silly audit   '@img/sharp-libvips-linuxmusl-arm64': [ '1.2.0' ],
189 silly audit   '@img/sharp-libvips-linuxmusl-x64': [ '1.2.0' ],
189 silly audit   '@img/sharp-linux-arm': [ '0.34.3' ],
189 silly audit   '@img/sharp-linux-arm64': [ '0.34.3' ],
189 silly audit   '@img/sharp-linux-ppc64': [ '0.34.3' ],
189 silly audit   '@img/sharp-linux-s390x': [ '0.34.3' ],
189 silly audit   '@img/sharp-linux-x64': [ '0.34.3' ],
189 silly audit   '@img/sharp-linuxmusl-arm64': [ '0.34.3' ],
189 silly audit   '@img/sharp-linuxmusl-x64': [ '0.34.3' ],
189 silly audit   '@img/sharp-wasm32': [ '0.34.3' ],
189 silly audit   '@img/sharp-win32-arm64': [ '0.34.3' ],
189 silly audit   '@img/sharp-win32-ia32': [ '0.34.3' ],
189 silly audit   '@img/sharp-win32-x64': [ '0.34.3' ],
189 silly audit   '@isaacs/fs-minipass': [ '4.0.1' ],
189 silly audit   '@jridgewell/gen-mapping': [ '0.3.13' ],
189 silly audit   '@jridgewell/remapping': [ '2.3.5' ],
189 silly audit   '@jridgewell/resolve-uri': [ '3.1.2' ],
189 silly audit   '@jridgewell/sourcemap-codec': [ '1.5.5' ],
189 silly audit   '@jridgewell/trace-mapping': [ '0.3.30' ],
189 silly audit   '@monaco-editor/loader': [ '1.5.0' ],
189 silly audit   '@monaco-editor/react': [ '4.7.0' ],
189 silly audit   '@napi-rs/wasm-runtime': [ '0.2.12' ],
189 silly audit   '@next/env': [ '15.5.2' ],
189 silly audit   '@next/eslint-plugin-next': [ '15.5.2' ],
189 silly audit   '@next/swc-darwin-arm64': [ '15.5.2' ],
189 silly audit   '@next/swc-darwin-x64': [ '15.5.2' ],
189 silly audit   '@next/swc-linux-arm64-gnu': [ '15.5.2' ],
189 silly audit   '@next/swc-linux-arm64-musl': [ '15.5.2' ],
189 silly audit   '@next/swc-linux-x64-gnu': [ '15.5.2' ],
189 silly audit   '@next/swc-linux-x64-musl': [ '15.5.2' ],
189 silly audit   '@next/swc-win32-arm64-msvc': [ '15.5.2' ],
189 silly audit   '@next/swc-win32-x64-msvc': [ '15.5.2' ],
189 silly audit   '@nodelib/fs.scandir': [ '2.1.5' ],
189 silly audit   '@nodelib/fs.stat': [ '2.0.5' ],
189 silly audit   '@nodelib/fs.walk': [ '1.2.8' ],
189 silly audit   '@nolyfill/is-core-module': [ '1.0.39' ],
189 silly audit   '@prisma/client': [ '6.15.0' ],
189 silly audit   '@radix-ui/number': [ '1.1.1' ],
189 silly audit   '@radix-ui/primitive': [ '1.1.3' ],
189 silly audit   '@radix-ui/react-accordion': [ '1.2.12' ],
189 silly audit   '@radix-ui/react-alert-dialog': [ '1.1.15' ],
189 silly audit   '@radix-ui/react-arrow': [ '1.1.7' ],
189 silly audit   '@radix-ui/react-aspect-ratio': [ '1.1.7' ],
189 silly audit   '@radix-ui/react-avatar': [ '1.1.10' ],
189 silly audit   '@radix-ui/react-checkbox': [ '1.3.3' ],
189 silly audit   '@radix-ui/react-collapsible': [ '1.1.12' ],
189 silly audit   '@radix-ui/react-collection': [ '1.1.7' ],
189 silly audit   '@radix-ui/react-compose-refs': [ '1.1.2' ],
189 silly audit   '@radix-ui/react-context': [ '1.1.2' ],
189 silly audit   '@radix-ui/react-context-menu': [ '2.2.16' ],
189 silly audit   '@radix-ui/react-dialog': [ '1.1.15' ],
189 silly audit   '@radix-ui/react-direction': [ '1.1.1' ],
189 silly audit   '@radix-ui/react-dismissable-layer': [ '1.1.11' ],
189 silly audit   '@radix-ui/react-dropdown-menu': [ '2.1.16' ],
189 silly audit   '@radix-ui/react-focus-guards': [ '1.1.3' ],
189 silly audit   '@radix-ui/react-focus-scope': [ '1.1.7' ],
189 silly audit   '@radix-ui/react-hover-card': [ '1.1.15' ],
189 silly audit   '@radix-ui/react-id': [ '1.1.1' ],
189 silly audit   '@radix-ui/react-label': [ '2.1.7' ],
189 silly audit   '@radix-ui/react-menu': [ '2.1.16' ],
189 silly audit   '@radix-ui/react-menubar': [ '1.1.16' ],
189 silly audit   '@radix-ui/react-navigation-menu': [ '1.2.14' ],
189 silly audit   '@radix-ui/react-popover': [ '1.1.15' ],
189 silly audit   '@radix-ui/react-popper': [ '1.2.8' ],
189 silly audit   '@radix-ui/react-portal': [ '1.1.9' ],
189 silly audit   '@radix-ui/react-presence': [ '1.1.5' ],
189 silly audit   '@radix-ui/react-primitive': [ '2.1.3' ],
189 silly audit   '@radix-ui/react-progress': [ '1.1.7' ],
189 silly audit   '@radix-ui/react-radio-group': [ '1.3.8' ],
189 silly audit   '@radix-ui/react-roving-focus': [ '1.1.11' ],
189 silly audit   '@radix-ui/react-scroll-area': [ '1.2.10' ],
189 silly audit   '@radix-ui/react-select': [ '2.2.6' ],
189 silly audit   '@radix-ui/react-separator': [ '1.1.7' ],
189 silly audit   '@radix-ui/react-slider': [ '1.3.6' ],
189 silly audit   '@radix-ui/react-slot': [ '1.2.3' ],
189 silly audit   '@radix-ui/react-switch': [ '1.2.6' ],
189 silly audit   '@radix-ui/react-tabs': [ '1.1.13' ],
189 silly audit   '@radix-ui/react-toggle': [ '1.1.10' ],
189 silly audit   '@radix-ui/react-toggle-group': [ '1.1.11' ],
189 silly audit   '@radix-ui/react-tooltip': [ '1.2.8' ],
189 silly audit   '@radix-ui/react-use-callback-ref': [ '1.1.1' ],
189 silly audit   '@radix-ui/react-use-controllable-state': [ '1.2.2' ],
189 silly audit   '@radix-ui/react-use-effect-event': [ '0.0.2' ],
189 silly audit   '@radix-ui/react-use-escape-keydown': [ '1.1.1' ],
189 silly audit   '@radix-ui/react-use-is-hydrated': [ '0.1.0' ],
189 silly audit   '@radix-ui/react-use-layout-effect': [ '1.1.1' ],
189 silly audit   '@radix-ui/react-use-previous': [ '1.1.1' ],
189 silly audit   '@radix-ui/react-use-rect': [ '1.1.1' ],
189 silly audit   '@radix-ui/react-use-size': [ '1.1.1' ],
189 silly audit   '@radix-ui/react-visually-hidden': [ '1.2.3' ],
189 silly audit   '@radix-ui/rect': [ '1.1.1' ],
189 silly audit   '@rtsao/scc': [ '1.1.0' ],
189 silly audit   '@rushstack/eslint-patch': [ '1.12.0' ],
189 silly audit   '@stablelib/base64': [ '1.0.1' ],
189 silly audit   '@standard-schema/utils': [ '0.3.0' ],
189 silly audit   '@swc/helpers': [ '0.5.15' ],
189 silly audit   '@tailwindcss/node': [ '4.1.13' ],
189 silly audit   '@tailwindcss/oxide': [ '4.1.13' ],
189 silly audit   '@tailwindcss/oxide-android-arm64': [ '4.1.13' ],
189 silly audit   '@tailwindcss/oxide-darwin-arm64': [ '4.1.13' ],
189 silly audit   '@tailwindcss/oxide-darwin-x64': [ '4.1.13' ],
189 silly audit   '@tailwindcss/oxide-freebsd-x64': [ '4.1.13' ],
189 silly audit   '@tailwindcss/oxide-linux-arm-gnueabihf': [ '4.1.13' ],
189 silly audit   '@tailwindcss/oxide-linux-arm64-gnu': [ '4.1.13' ],
189 silly audit   '@tailwindcss/oxide-linux-arm64-musl': [ '4.1.13' ],
189 silly audit   '@tailwindcss/oxide-linux-x64-gnu': [ '4.1.13' ],
189 silly audit   '@tailwindcss/oxide-linux-x64-musl': [ '4.1.13' ],
189 silly audit   '@tailwindcss/oxide-wasm32-wasi': [ '4.1.13' ],
189 silly audit   '@tailwindcss/oxide-win32-arm64-msvc': [ '4.1.13' ],
189 silly audit   '@tailwindcss/oxide-win32-x64-msvc': [ '4.1.13' ],
189 silly audit   '@tailwindcss/postcss': [ '4.1.13' ],
189 silly audit   '@tybys/wasm-util': [ '0.10.0' ],
189 silly audit   '@types/d3-array': [ '3.2.1' ],
189 silly audit   '@types/d3-color': [ '3.1.3' ],
189 silly audit   '@types/d3-ease': [ '3.0.2' ],
189 silly audit   '@types/d3-interpolate': [ '3.0.4' ],
189 silly audit   '@types/d3-path': [ '3.1.1' ],
189 silly audit   '@types/d3-scale': [ '4.0.9' ],
189 silly audit   '@types/d3-shape': [ '3.1.7' ],
189 silly audit   '@types/d3-time': [ '3.0.4' ],
189 silly audit   '@types/d3-timer': [ '3.0.2' ],
189 silly audit   '@types/estree': [ '1.0.8' ],
189 silly audit   '@types/json-schema': [ '7.0.15' ],
189 silly audit   '@types/json5': [ '0.0.29' ],
189 silly audit   '@types/node': [ '24.3.1' ],
189 silly audit   '@types/react': [ '19.1.12' ],
189 silly audit   '@types/trusted-types': [ '1.0.6' ],
189 silly audit   '@typescript-eslint/eslint-plugin': [ '8.43.0' ],
189 silly audit   ignore: [ '7.0.5', '5.3.2' ],
189 silly audit   '@typescript-eslint/parser': [ '8.43.0' ],
189 silly audit   '@typescript-eslint/project-service': [ '8.43.0' ],
189 silly audit   '@typescript-eslint/scope-manager': [ '8.43.0' ],
189 silly audit   '@typescript-eslint/tsconfig-utils': [ '8.43.0' ],
189 silly audit   '@typescript-eslint/type-utils': [ '8.43.0' ],
189 silly audit   '@typescript-eslint/types': [ '8.43.0' ],
189 silly audit   '@typescript-eslint/typescript-estree': [ '8.43.0' ],
189 silly audit   'brace-expansion': [ '2.0.2', '1.1.12' ],
189 silly audit   'fast-glob': [ '3.3.3', '3.3.1' ],
189 silly audit   'glob-parent': [ '5.1.2', '6.0.2' ],
189 silly audit   minimatch: [ '9.0.5', '3.1.2' ],
189 silly audit   '@typescript-eslint/utils': [ '8.43.0' ],
189 silly audit   '@typescript-eslint/visitor-keys': [ '8.43.0' ],
189 silly audit   '@unrs/resolver-binding-android-arm-eabi': [ '1.11.1' ],
189 silly audit   '@unrs/resolver-binding-android-arm64': [ '1.11.1' ],
189 silly audit   '@unrs/resolver-binding-darwin-arm64': [ '1.11.1' ],
189 silly audit   '@unrs/resolver-binding-darwin-x64': [ '1.11.1' ],
189 silly audit   '@unrs/resolver-binding-freebsd-x64': [ '1.11.1' ],
189 silly audit   '@unrs/resolver-binding-linux-arm-gnueabihf': [ '1.11.1' ],
189 silly audit   '@unrs/resolver-binding-linux-arm-musleabihf': [ '1.11.1' ],
189 silly audit   '@unrs/resolver-binding-linux-arm64-gnu': [ '1.11.1' ],
189 silly audit   '@unrs/resolver-binding-linux-arm64-musl': [ '1.11.1' ],
189 silly audit   '@unrs/resolver-binding-linux-ppc64-gnu': [ '1.11.1' ],
189 silly audit   '@unrs/resolver-binding-linux-riscv64-gnu': [ '1.11.1' ],
189 silly audit   '@unrs/resolver-binding-linux-riscv64-musl': [ '1.11.1' ],
189 silly audit   '@unrs/resolver-binding-linux-s390x-gnu': [ '1.11.1' ],
189 silly audit   '@unrs/resolver-binding-linux-x64-gnu': [ '1.11.1' ],
189 silly audit   '@unrs/resolver-binding-linux-x64-musl': [ '1.11.1' ],
189 silly audit   '@unrs/resolver-binding-wasm32-wasi': [ '1.11.1' ],
189 silly audit   '@unrs/resolver-binding-win32-arm64-msvc': [ '1.11.1' ],
189 silly audit   '@unrs/resolver-binding-win32-ia32-msvc': [ '1.11.1' ],
189 silly audit   '@unrs/resolver-binding-win32-x64-msvc': [ '1.11.1' ],
189 silly audit   acorn: [ '8.15.0' ],
189 silly audit   'acorn-jsx': [ '5.3.2' ],
189 silly audit   ajv: [ '6.12.6' ],
189 silly audit   'ansi-styles': [ '4.3.0' ],
189 silly audit   argparse: [ '2.0.1' ],
189 silly audit   'aria-hidden': [ '1.2.6' ],
189 silly audit   'aria-query': [ '5.3.2' ],
189 silly audit   'array-buffer-byte-length': [ '1.0.2' ],
189 silly audit   'array-includes': [ '3.1.9' ],
189 silly audit   'array.prototype.findlast': [ '1.2.5' ],
189 silly audit   'array.prototype.findlastindex': [ '1.2.6' ],
189 silly audit   'array.prototype.flat': [ '1.3.3' ],
189 silly audit   'array.prototype.flatmap': [ '1.3.3' ],
189 silly audit   'array.prototype.tosorted': [ '1.1.4' ],
189 silly audit   'arraybuffer.prototype.slice': [ '1.0.4' ],
189 silly audit   'ast-types-flow': [ '0.0.8' ],
189 silly audit   'async-function': [ '1.0.0' ],
189 silly audit   asynckit: [ '0.4.0' ],
189 silly audit   'available-typed-arrays': [ '1.0.7' ],
189 silly audit   'axe-core': [ '4.10.3' ],
189 silly audit   axios: [ '1.11.0' ],
189 silly audit   'axobject-query': [ '4.1.0' ],
189 silly audit   'balanced-match': [ '1.0.2' ],
189 silly audit   braces: [ '3.0.3' ],
189 silly audit   'call-bind': [ '1.0.8' ],
189 silly audit   'call-bind-apply-helpers': [ '1.0.2' ],
189 silly audit   'call-bound': [ '1.0.4' ],
189 silly audit   callsites: [ '3.1.0' ],
189 silly audit   'caniuse-lite': [ '1.0.30001741' ],
189 silly audit   chalk: [ '4.1.2' ],
189 silly audit   chownr: [ '3.0.0' ],
189 silly audit   'class-variance-authority': [ '0.7.1' ],
189 silly audit   'client-only': [ '0.0.1' ],
189 silly audit   clsx: [ '2.1.1' ],
189 silly audit   cmdk: [ '1.1.1' ],
189 silly audit   color: [ '4.2.3' ],
189 silly audit   'color-convert': [ '2.0.1' ],
189 silly audit   'color-name': [ '1.1.4' ],
189 silly audit   'color-string': [ '1.9.1' ],
189 silly audit   'combined-stream': [ '1.0.8' ],
189 silly audit   'concat-map': [ '0.0.1' ],
189 silly audit   cookie: [ '1.0.2' ],
189 silly audit   'cross-spawn': [ '7.0.6' ],
189 silly audit   csstype: [ '3.1.3' ],
189 silly audit   'd3-array': [ '3.2.4' ],
189 silly audit   'd3-color': [ '3.1.0' ],
189 silly audit   'd3-ease': [ '3.0.1' ],
189 silly audit   'd3-format': [ '3.1.0' ],
189 silly audit   'd3-interpolate': [ '3.0.1' ],
189 silly audit   'd3-path': [ '3.1.0' ],
189 silly audit   'd3-scale': [ '4.0.2' ],
189 silly audit   'd3-shape': [ '3.2.0' ],
189 silly audit   'd3-time': [ '3.1.0' ],
189 silly audit   'd3-time-format': [ '4.1.0' ],
189 silly audit   'd3-timer': [ '3.0.1' ],
189 silly audit   'damerau-levenshtein': [ '1.0.8' ],
189 silly audit   'data-view-buffer': [ '1.0.2' ],
189 silly audit   'data-view-byte-length': [ '1.0.2' ],
189 silly audit   'data-view-byte-offset': [ '1.0.1' ],
189 silly audit   'date-fns': [ '4.1.0' ],
189 silly audit   'date-fns-jalali': [ '4.1.0-0' ],
189 silly audit   debug: [ '4.4.1', '3.2.7' ],
189 silly audit   'decimal.js-light': [ '2.5.1' ],
189 silly audit   'deep-is': [ '0.1.4' ],
189 silly audit   'define-data-property': [ '1.1.4' ],
189 silly audit   'define-properties': [ '1.2.1' ],
189 silly audit   'delayed-stream': [ '1.0.0' ],
189 silly audit   dequal: [ '2.0.3' ],
189 silly audit   'detect-libc': [ '2.0.4' ],
189 silly audit   'detect-node-es': [ '1.1.0' ],
189 silly audit   doctrine: [ '2.1.0' ],
189 silly audit   'dom-helpers': [ '5.2.1' ],
189 silly audit   'dunder-proto': [ '1.0.1' ],
189 silly audit   'embla-carousel': [ '8.6.0' ],
189 silly audit   'embla-carousel-react': [ '8.6.0' ],
189 silly audit   'embla-carousel-reactive-utils': [ '8.6.0' ],
189 silly audit   'emoji-regex': [ '9.2.2' ],
189 silly audit   'enhanced-resolve': [ '5.18.3' ],
189 silly audit   'es-abstract': [ '1.24.0' ],
189 silly audit   'es-define-property': [ '1.0.1' ],
189 silly audit   'es-errors': [ '1.3.0' ],
189 silly audit   'es-iterator-helpers': [ '1.2.1' ],
189 silly audit   'es-object-atoms': [ '1.1.1' ],
189 silly audit   'es-set-tostringtag': [ '2.1.0' ],
189 silly audit   'es-shim-unscopables': [ '1.1.0' ],
189 silly audit   'es-to-primitive': [ '1.3.0' ],
189 silly audit   'escape-string-regexp': [ '4.0.0' ],
189 silly audit   eslint: [ '9.35.0' ],
189 silly audit   'eslint-config-next': [ '15.5.2' ],
189 silly audit   'eslint-import-resolver-node': [ '0.3.9' ],
189 silly audit   'eslint-import-resolver-typescript': [ '3.10.1' ],
189 silly audit   'eslint-module-utils': [ '2.12.1' ],
189 silly audit   'eslint-plugin-import': [ '2.32.0' ],
189 silly audit   semver: [ '6.3.1', '7.7.2' ],
189 silly audit   'eslint-plugin-jsx-a11y': [ '6.10.2' ],
189 silly audit   'eslint-plugin-react': [ '7.37.5' ],
189 silly audit   'eslint-plugin-react-hooks': [ '5.2.0' ],
189 silly audit   resolve: [ '2.0.0-next.5', '1.22.10' ],
189 silly audit   'eslint-scope': [ '8.4.0' ],
189 silly audit   espree: [ '10.4.0' ],
189 silly audit   esquery: [ '1.6.0' ],
189 silly audit   esrecurse: [ '4.3.0' ],
189 silly audit   estraverse: [ '5.3.0' ],
189 silly audit   esutils: [ '2.0.3' ],
189 silly audit   eventemitter3: [ '4.0.7' ],
189 silly audit   'fast-deep-equal': [ '3.1.3' ],
189 silly audit   'fast-equals': [ '5.2.2' ],
189 silly audit   'fast-json-stable-stringify': [ '2.1.0' ],
189 silly audit   'fast-levenshtein': [ '2.0.6' ],
189 silly audit   'fast-sha256': [ '1.3.0' ],
189 silly audit   fastq: [ '1.19.1' ],
189 silly audit   'file-entry-cache': [ '8.0.0' ],
189 silly audit   'fill-range': [ '7.1.1' ],
189 silly audit   'find-up': [ '5.0.0' ],
189 silly audit   'flat-cache': [ '4.0.1' ],
189 silly audit   flatted: [ '3.3.3' ],
189 silly audit   'follow-redirects': [ '1.15.11' ],
189 silly audit   'for-each': [ '0.3.5' ],
189 silly audit   'form-data': [ '4.0.4' ],
189 silly audit   'function-bind': [ '1.1.2' ],
189 silly audit   'function.prototype.name': [ '1.1.8' ],
189 silly audit   'functions-have-names': [ '1.2.3' ],
189 silly audit   'get-intrinsic': [ '1.3.0' ],
189 silly audit   'get-nonce': [ '1.0.1' ],
189 silly audit   'get-proto': [ '1.0.1' ],
189 silly audit   'get-symbol-description': [ '1.1.0' ],
189 silly audit   'get-tsconfig': [ '4.10.1' ],
189 silly audit   'glob-to-regexp': [ '0.4.1' ],
189 silly audit   globals: [ '14.0.0' ],
189 silly audit   globalthis: [ '1.0.4' ],
189 silly audit   gopd: [ '1.2.0' ],
189 silly audit   'graceful-fs': [ '4.2.11' ],
189 silly audit   graphemer: [ '1.4.0' ],
189 silly audit   'has-bigints': [ '1.1.0' ],
189 silly audit   'has-flag': [ '4.0.0' ],
189 silly audit   'has-property-descriptors': [ '1.0.2' ],
189 silly audit   'has-proto': [ '1.2.0' ],
189 silly audit   'has-symbols': [ '1.1.0' ],
189 silly audit   'has-tostringtag': [ '1.0.2' ],
189 silly audit   hasown: [ '2.0.2' ],
189 silly audit   'import-fresh': [ '3.3.1' ],
189 silly audit   imurmurhash: [ '0.1.4' ],
189 silly audit   'input-otp': [ '1.4.2' ],
189 silly audit   'internal-slot': [ '1.1.0' ],
189 silly audit   internmap: [ '2.0.3' ],
189 silly audit   'is-array-buffer': [ '3.0.5' ],
189 silly audit   'is-arrayish': [ '0.3.2' ],
189 silly audit   'is-async-function': [ '2.1.1' ],
189 silly audit   'is-bigint': [ '1.1.0' ],
189 silly audit   'is-boolean-object': [ '1.2.2' ],
189 silly audit   'is-bun-module': [ '2.0.0' ],
189 silly audit   'is-callable': [ '1.2.7' ],
189 silly audit   'is-core-module': [ '2.16.1' ],
189 silly audit   'is-data-view': [ '1.0.2' ],
189 silly audit   'is-date-object': [ '1.1.0' ],
189 silly audit   'is-extglob': [ '2.1.1' ],
189 silly audit   'is-finalizationregistry': [ '1.1.1' ],
189 silly audit   'is-generator-function': [ '1.1.0' ],
189 silly audit   'is-glob': [ '4.0.3' ],
189 silly audit   'is-map': [ '2.0.3' ],
189 silly audit   'is-negative-zero': [ '2.0.3' ],
189 silly audit   'is-number': [ '7.0.0' ],
189 silly audit   'is-number-object': [ '1.1.1' ],
189 silly audit   'is-regex': [ '1.2.1' ],
189 silly audit   'is-set': [ '2.0.3' ],
189 silly audit   'is-shared-array-buffer': [ '1.0.4' ],
189 silly audit   'is-string': [ '1.1.1' ],
189 silly audit   'is-symbol': [ '1.1.1' ],
189 silly audit   'is-typed-array': [ '1.1.15' ],
189 silly audit   'is-weakmap': [ '2.0.2' ],
189 silly audit   'is-weakref': [ '1.1.1' ],
189 silly audit   'is-weakset': [ '2.0.4' ],
189 silly audit   isarray: [ '2.0.5' ],
189 silly audit   isexe: [ '2.0.0' ],
189 silly audit   'iterator.prototype': [ '1.1.5' ],
189 silly audit   jiti: [ '2.5.1' ],
189 silly audit   'js-cookie': [ '3.0.5' ],
189 silly audit   'js-tokens': [ '4.0.0' ],
189 silly audit   'js-yaml': [ '4.1.0' ],
189 silly audit   'json-buffer': [ '3.0.1' ],
189 silly audit   'json-schema-traverse': [ '0.4.1' ],
189 silly audit   'json-stable-stringify-without-jsonify': [ '1.0.1' ],
189 silly audit   json5: [ '1.0.2' ],
189 silly audit   'jsx-ast-utils': [ '3.3.5' ],
189 silly audit   keyv: [ '4.5.4' ],
189 silly audit   'language-subtag-registry': [ '0.3.23' ],
189 silly audit   'language-tags': [ '1.0.9' ],
189 silly audit   levn: [ '0.4.1' ],
189 silly audit   lightningcss: [ '1.30.1' ],
189 silly audit   'lightningcss-darwin-arm64': [ '1.30.1' ],
189 silly audit   'lightningcss-darwin-x64': [ '1.30.1' ],
189 silly audit   'lightningcss-freebsd-x64': [ '1.30.1' ],
189 silly audit   'lightningcss-linux-arm-gnueabihf': [ '1.30.1' ],
189 silly audit   'lightningcss-linux-arm64-gnu': [ '1.30.1' ],
189 silly audit   'lightningcss-linux-arm64-musl': [ '1.30.1' ],
189 silly audit   'lightningcss-linux-x64-gnu': [ '1.30.1' ],
189 silly audit   'lightningcss-linux-x64-musl': [ '1.30.1' ],
189 silly audit   'lightningcss-win32-arm64-msvc': [ '1.30.1' ],
189 silly audit   'lightningcss-win32-x64-msvc': [ '1.30.1' ],
189 silly audit   'locate-path': [ '6.0.0' ],
189 silly audit   lodash: [ '4.17.21' ],
189 silly audit   'lodash.merge': [ '4.6.2' ],
189 silly audit   'loose-envify': [ '1.4.0' ],
189 silly audit   'lucide-react': [ '0.543.0' ],
189 silly audit   'magic-string': [ '0.30.19' ],
189 silly audit   'math-intrinsics': [ '1.1.0' ],
189 silly audit   merge2: [ '1.4.1' ],
189 silly audit   micromatch: [ '4.0.8' ],
189 silly audit   'mime-db': [ '1.52.0' ],
189 silly audit   'mime-types': [ '2.1.35' ],
189 silly audit   minimist: [ '1.2.8' ],
189 silly audit   minipass: [ '7.1.2' ],
189 silly audit   minizlib: [ '3.0.2' ],
189 silly audit   mkdirp: [ '3.0.1' ],
189 silly audit   'monaco-editor': [ '0.53.0' ],
189 silly audit   ms: [ '2.1.3' ],
189 silly audit   nanoid: [ '3.3.11' ],
189 silly audit   'napi-postinstall': [ '0.3.3' ],
189 silly audit   'natural-compare': [ '1.4.0' ],
189 silly audit   next: [ '15.5.2' ],
189 silly audit   'next-themes': [ '0.4.6' ],
189 silly audit   postcss: [ '8.4.31', '8.5.6' ],
189 silly audit   'object-assign': [ '4.1.1' ],
189 silly audit   'object-inspect': [ '1.13.4' ],
189 silly audit   'object-keys': [ '1.1.1' ],
189 silly audit   'object.assign': [ '4.1.7' ],
189 silly audit   'object.entries': [ '1.1.9' ],
189 silly audit   'object.fromentries': [ '2.0.8' ],
189 silly audit   'object.groupby': [ '1.0.3' ],
189 silly audit   'object.values': [ '1.2.1' ],
189 silly audit   optionator: [ '0.9.4' ],
189 silly audit   'own-keys': [ '1.0.1' ],
189 silly audit   'p-limit': [ '3.1.0' ],
189 silly audit   'p-locate': [ '5.0.0' ],
189 silly audit   'parent-module': [ '1.0.1' ],
189 silly audit   'path-exists': [ '4.0.0' ],
189 silly audit   'path-key': [ '3.1.1' ],
189 silly audit   'path-parse': [ '1.0.7' ],
189 silly audit   picocolors: [ '1.1.1' ],
189 silly audit   picomatch: [ '2.3.1', '4.0.3' ],
189 silly audit   'possible-typed-array-names': [ '1.1.0' ],
189 silly audit   'prelude-ls': [ '1.2.1' ],
189 silly audit   'prop-types': [ '15.8.1' ],
189 silly audit   'proxy-from-env': [ '1.1.0' ],
189 silly audit   punycode: [ '2.3.1' ],
189 silly audit   'queue-microtask': [ '1.2.3' ],
189 silly audit   react: [ '19.1.0' ],
189 silly audit   'react-day-picker': [ '9.9.0' ],
189 silly audit   'react-dom': [ '19.1.0' ],
189 silly audit   'react-hook-form': [ '7.62.0' ],
189 silly audit   'react-is': [ '16.13.1', '18.3.1' ],
189 silly audit   'react-remove-scroll': [ '2.7.1' ],
189 silly audit   'react-remove-scroll-bar': [ '2.3.8' ],
189 silly audit   'react-resizable-panels': [ '3.0.5' ],
189 silly audit   'react-smooth': [ '4.0.4' ],
189 silly audit   'react-style-singleton': [ '2.2.3' ],
189 silly audit   'react-transition-group': [ '4.4.5' ],
189 silly audit   recharts: [ '2.15.4' ],
189 silly audit   'recharts-scale': [ '0.4.5' ],
189 silly audit   'reflect.getprototypeof': [ '1.0.10' ],
189 silly audit   'regexp.prototype.flags': [ '1.5.4' ],
189 silly audit   'resolve-from': [ '4.0.0' ],
189 silly audit   'resolve-pkg-maps': [ '1.0.0' ],
189 silly audit   reusify: [ '1.1.0' ],
189 silly audit   'run-parallel': [ '1.2.0' ],
189 silly audit   'safe-array-concat': [ '1.1.3' ],
189 silly audit   'safe-push-apply': [ '1.0.0' ],
189 silly audit   'safe-regex-test': [ '1.1.0' ],
189 silly audit   scheduler: [ '0.26.0' ],
189 silly audit   'server-only': [ '0.0.1' ],
189 silly audit   'set-function-length': [ '1.2.2' ],
189 silly audit   'set-function-name': [ '2.0.2' ],
189 silly audit   'set-proto': [ '1.0.0' ],
189 silly audit   sharp: [ '0.34.3' ],
189 silly audit   'shebang-command': [ '2.0.0' ],
189 silly audit   'shebang-regex': [ '3.0.0' ],
189 silly audit   'side-channel': [ '1.1.0' ],
189 silly audit   'side-channel-list': [ '1.0.0' ],
189 silly audit   'side-channel-map': [ '1.0.1' ],
189 silly audit   'side-channel-weakmap': [ '1.0.2' ],
189 silly audit   'simple-swizzle': [ '0.2.2' ],
189 silly audit   sonner: [ '2.0.7' ],
189 silly audit   'source-map-js': [ '1.2.1' ],
189 silly audit   'stable-hash': [ '0.0.5' ],
189 silly audit   standardwebhooks: [ '1.0.0' ],
189 silly audit   'state-local': [ '1.0.7' ],
189 silly audit   'std-env': [ '3.9.0' ],
189 silly audit   'stop-iteration-iterator': [ '1.1.0' ],
189 silly audit   'string.prototype.includes': [ '2.0.1' ],
189 silly audit   'string.prototype.matchall': [ '4.0.12' ],
189 silly audit   'string.prototype.repeat': [ '1.0.0' ],
189 silly audit   'string.prototype.trim': [ '1.2.10' ],
189 silly audit   'string.prototype.trimend': [ '1.0.9' ],
189 silly audit   'string.prototype.trimstart': [ '1.0.8' ],
189 silly audit   'strip-bom': [ '3.0.0' ],
189 silly audit   'strip-json-comments': [ '3.1.1' ],
189 silly audit   'styled-jsx': [ '5.1.6' ],
189 silly audit   'supports-color': [ '7.2.0' ],
189 silly audit   'supports-preserve-symlinks-flag': [ '1.0.0' ],
189 silly audit   swr: [ '2.3.4' ],
189 silly audit   'tailwind-merge': [ '3.3.1' ],
189 silly audit   tailwindcss: [ '4.1.13' ],
189 silly audit   tapable: [ '2.2.3' ],
189 silly audit   tar: [ '7.4.3' ],
189 silly audit   'tiny-invariant': [ '1.3.3' ],
189 silly audit   tinyglobby: [ '0.2.15' ],
189 silly audit   fdir: [ '6.5.0' ],
189 silly audit   'to-regex-range': [ '5.0.1' ],
189 silly audit   'ts-api-utils': [ '2.1.0' ],
189 silly audit   'tsconfig-paths': [ '3.15.0' ],
189 silly audit   tslib: [ '2.8.1' ],
189 silly audit   'tw-animate-css': [ '1.3.8' ],
189 silly audit   'type-check': [ '0.4.0' ],
189 silly audit   'typed-array-buffer': [ '1.0.3' ],
189 silly audit   'typed-array-byte-length': [ '1.0.3' ],
189 silly audit   'typed-array-byte-offset': [ '1.0.4' ],
189 silly audit   'typed-array-length': [ '1.0.7' ],
189 silly audit   typescript: [ '5.9.2' ],
189 silly audit   'unbox-primitive': [ '1.1.0' ],
189 silly audit   'undici-types': [ '7.10.0' ],
189 silly audit   'unrs-resolver': [ '1.11.1' ],
189 silly audit   'uri-js': [ '4.4.1' ],
189 silly audit   'use-callback-ref': [ '1.3.3' ],
189 silly audit   'use-sidecar': [ '1.1.3' ],
189 silly audit   'use-sync-external-store': [ '1.5.0' ],
189 silly audit   vaul: [ '1.1.2' ],
189 silly audit   'victory-vendor': [ '36.9.2' ],
189 silly audit   which: [ '2.0.2' ],
189 silly audit   'which-boxed-primitive': [ '1.1.1' ],
189 silly audit   'which-builtin-type': [ '1.2.1' ],
189 silly audit   'which-collection': [ '1.0.2' ],
189 silly audit   'which-typed-array': [ '1.1.19' ],
189 silly audit   'word-wrap': [ '1.2.5' ],
189 silly audit   yallist: [ '5.0.0' ],
189 silly audit   'yocto-queue': [ '0.1.0' ],
189 silly audit   zod: [ '4.1.5' ],
189 silly audit   prisma: [ '6.19.3' ],
189 silly audit   '@prisma/config': [ '6.19.3' ],
189 silly audit   '@prisma/engines': [ '6.19.3' ],
189 silly audit   c12: [ '3.1.0' ],
189 silly audit   'deepmerge-ts': [ '7.1.5' ],
189 silly audit   effect: [ '3.21.0' ],
189 silly audit   empathic: [ '2.0.0' ],
189 silly audit   '@prisma/debug': [ '6.19.3' ],
189 silly audit   '@prisma/engines-version': [ '7.1.1-3.c2990dca591cba766e3b7ef5d9e8a84796e47ab7' ],
189 silly audit   '@prisma/fetch-engine': [ '6.19.3' ],
189 silly audit   '@prisma/get-platform': [ '6.19.3' ],
189 silly audit   chokidar: [ '4.0.3' ],
189 silly audit   confbox: [ '0.2.4' ],
189 silly audit   defu: [ '6.1.7' ],
189 silly audit   dotenv: [ '16.6.1' ],
189 silly audit   exsolve: [ '1.0.8' ],
189 silly audit   giget: [ '2.0.0' ],
189 silly audit   ohash: [ '2.0.11' ],
189 silly audit   pathe: [ '2.0.3' ],
189 silly audit   'perfect-debounce': [ '1.0.0' ],
189 silly audit   'pkg-types': [ '2.3.0' ],
189 silly audit   rc9: [ '2.1.2' ],
189 silly audit   readdirp: [ '4.1.2' ],
189 silly audit   '@standard-schema/spec': [ '1.1.0' ],
189 silly audit   'fast-check': [ '3.23.2' ],
189 silly audit   'pure-rand': [ '6.1.0' ],
189 silly audit   citty: [ '0.1.6', '0.2.2' ],
189 silly audit   consola: [ '3.4.2' ],
189 silly audit   'node-fetch-native': [ '1.6.7' ],
189 silly audit   nypm: [ '0.6.6' ],
189 silly audit   tinyexec: [ '1.1.1' ],
189 silly audit   destr: [ '2.0.5' ]
189 silly audit }
190 http cache tinyexec@https://registry.npmjs.org/tinyexec/-/tinyexec-1.1.1.tgz 1ms (cache hit)
191 http cache nypm@https://registry.npmjs.org/nypm/-/nypm-0.6.6.tgz 0ms (cache hit)
192 http cache destr@https://registry.npmjs.org/destr/-/destr-2.0.5.tgz 0ms (cache hit)
193 http cache @standard-schema/spec@https://registry.npmjs.org/@standard-schema/spec/-/spec-1.1.0.tgz 0ms (cache hit)
194 http cache citty@https://registry.npmjs.org/citty/-/citty-0.1.6.tgz 0ms (cache hit)
195 http cache consola@https://registry.npmjs.org/consola/-/consola-3.4.2.tgz 0ms (cache hit)
196 http cache node-fetch-native@https://registry.npmjs.org/node-fetch-native/-/node-fetch-native-1.6.7.tgz 0ms (cache hit)
197 http cache fast-check@https://registry.npmjs.org/fast-check/-/fast-check-3.23.2.tgz 0ms (cache hit)
198 http cache pure-rand@https://registry.npmjs.org/pure-rand/-/pure-rand-6.1.0.tgz 0ms (cache hit)
199 http cache readdirp@https://registry.npmjs.org/readdirp/-/readdirp-4.1.2.tgz 0ms (cache hit)
200 http cache perfect-debounce@https://registry.npmjs.org/perfect-debounce/-/perfect-debounce-1.0.0.tgz 0ms (cache hit)
201 http cache pkg-types@https://registry.npmjs.org/pkg-types/-/pkg-types-2.3.0.tgz 0ms (cache hit)
202 http cache giget@https://registry.npmjs.org/giget/-/giget-2.0.0.tgz 0ms (cache hit)
203 http cache exsolve@https://registry.npmjs.org/exsolve/-/exsolve-1.0.8.tgz 0ms (cache hit)
204 http cache rc9@https://registry.npmjs.org/rc9/-/rc9-2.1.2.tgz 0ms (cache hit)
205 http cache pathe@https://registry.npmjs.org/pathe/-/pathe-2.0.3.tgz 0ms (cache hit)
206 http cache ohash@https://registry.npmjs.org/ohash/-/ohash-2.0.11.tgz 0ms (cache hit)
207 http cache confbox@https://registry.npmjs.org/confbox/-/confbox-0.2.4.tgz 0ms (cache hit)
208 http cache chokidar@https://registry.npmjs.org/chokidar/-/chokidar-4.0.3.tgz 0ms (cache hit)
209 http cache defu@https://registry.npmjs.org/defu/-/defu-6.1.7.tgz 0ms (cache hit)
210 http cache @prisma/get-platform@https://registry.npmjs.org/@prisma/get-platform/-/get-platform-6.19.3.tgz 0ms (cache hit)
211 http cache dotenv@https://registry.npmjs.org/dotenv/-/dotenv-16.6.1.tgz 0ms (cache hit)
212 http cache @prisma/fetch-engine@https://registry.npmjs.org/@prisma/fetch-engine/-/fetch-engine-6.19.3.tgz 0ms (cache hit)
213 http cache empathic@https://registry.npmjs.org/empathic/-/empathic-2.0.0.tgz 0ms (cache hit)
214 http cache @prisma/engines-version@https://registry.npmjs.org/@prisma/engines-version/-/engines-version-7.1.1-3.c2990dca591cba766e3b7ef5d9e8a84796e47ab7.tgz 0ms (cache hit)
215 http cache @prisma/debug@https://registry.npmjs.org/@prisma/debug/-/debug-6.19.3.tgz 0ms (cache hit)
216 http cache effect@https://registry.npmjs.org/effect/-/effect-3.21.0.tgz 0ms (cache hit)
217 http cache @prisma/engines@https://registry.npmjs.org/@prisma/engines/-/engines-6.19.3.tgz 0ms (cache hit)
218 http cache deepmerge-ts@https://registry.npmjs.org/deepmerge-ts/-/deepmerge-ts-7.1.5.tgz 0ms (cache hit)
219 http cache c12@https://registry.npmjs.org/c12/-/c12-3.1.0.tgz 0ms (cache hit)
220 http cache @prisma/config@https://registry.npmjs.org/@prisma/config/-/config-6.19.3.tgz 0ms (cache hit)
221 http cache prisma@https://registry.npmjs.org/prisma/-/prisma-6.19.3.tgz 0ms (cache hit)
222 http cache citty@https://registry.npmjs.org/citty/-/citty-0.2.2.tgz 0ms (cache hit)
223 http fetch POST 200 https://registry.npmjs.org/-/npm/v1/security/advisories/bulk 860ms
224 silly audit report {
224 silly audit report   '@clerk/nextjs': [
224 silly audit report     {
224 silly audit report       id: 1116853,
224 silly audit report       url: 'https://github.com/advisories/GHSA-vqx2-fgx2-5wq9',
224 silly audit report       title: 'Official Clerk JavaScript SDKs: Middleware-based route protection bypass',
224 silly audit report       severity: 'critical',
224 silly audit report       vulnerable_versions: '>=6.0.0-snapshot.vb87a27f <6.39.2',
224 silly audit report       cwe: [Array],
224 silly audit report       cvss: [Object]
224 silly audit report     }
224 silly audit report   ],
224 silly audit report   '@clerk/shared': [
224 silly audit report     {
224 silly audit report       id: 1116848,
224 silly audit report       url: 'https://github.com/advisories/GHSA-vqx2-fgx2-5wq9',
224 silly audit report       title: 'Official Clerk JavaScript SDKs: Middleware-based route protection bypass',
224 silly audit report       severity: 'critical',
224 silly audit report       vulnerable_versions: '>=3.0.0-canary.v20250225091530 <3.47.4',
224 silly audit report       cwe: [Array],
224 silly audit report       cvss: [Object]
224 silly audit report     }
224 silly audit report   ],
224 silly audit report   'brace-expansion': [
224 silly audit report     {
224 silly audit report       id: 1115540,
224 silly audit report       url: 'https://github.com/advisories/GHSA-f886-m6hf-6m8v',
224 silly audit report       title: 'brace-expansion: Zero-step sequence causes process hang and memory exhaustion',
224 silly audit report       severity: 'moderate',
224 silly audit report       vulnerable_versions: '<1.1.13',
224 silly audit report       cwe: [Array],
224 silly audit report       cvss: [Object]
224 silly audit report     },
224 silly audit report     {
224 silly audit report       id: 1115541,
224 silly audit report       url: 'https://github.com/advisories/GHSA-f886-m6hf-6m8v',
224 silly audit report       title: 'brace-expansion: Zero-step sequence causes process hang and memory exhaustion',
224 silly audit report       severity: 'moderate',
224 silly audit report       vulnerable_versions: '>=2.0.0 <2.0.3',
224 silly audit report       cwe: [Array],
224 silly audit report       cvss: [Object]
224 silly audit report     }
224 silly audit report   ],
224 silly audit report   minimatch: [
224 silly audit report     {
224 silly audit report       id: 1113459,
224 silly audit report       url: 'https://github.com/advisories/GHSA-3ppc-4f35-3m26',
224 silly audit report       title: 'minimatch has a ReDoS via repeated wildcards with non-matching literal in pattern',
224 silly audit report       severity: 'high',
224 silly audit report       vulnerable_versions: '<3.1.3',
224 silly audit report       cwe: [Array],
224 silly audit report       cvss: [Object]
224 silly audit report     },
224 silly audit report     {
224 silly audit report       id: 1113465,
224 silly audit report       url: 'https://github.com/advisories/GHSA-3ppc-4f35-3m26',
224 silly audit report       title: 'minimatch has a ReDoS via repeated wildcards with non-matching literal in pattern',
224 silly audit report       severity: 'high',
224 silly audit report       vulnerable_versions: '>=9.0.0 <9.0.6',
224 silly audit report       cwe: [Array],
224 silly audit report       cvss: [Object]
224 silly audit report     },
224 silly audit report     {
224 silly audit report       id: 1113538,
224 silly audit report       url: 'https://github.com/advisories/GHSA-7r86-cg39-jmmj',
224 silly audit report       title: 'minimatch has ReDoS: matchOne() combinatorial backtracking via multiple non-adjacent GLOBSTAR segments',
224 silly audit report       severity: 'high',
224 silly audit report       vulnerable_versions: '<3.1.3',
224 silly audit report       cwe: [Array],
224 silly audit report       cvss: [Object]
224 silly audit report     },
224 silly audit report     {
224 silly audit report       id: 1113544,
224 silly audit report       url: 'https://github.com/advisories/GHSA-7r86-cg39-jmmj',
224 silly audit report       title: 'minimatch has ReDoS: matchOne() combinatorial backtracking via multiple non-adjacent GLOBSTAR segments',
224 silly audit report       severity: 'high',
224 silly audit report       vulnerable_versions: '>=9.0.0 <9.0.7',
224 silly audit report       cwe: [Array],
224 silly audit report       cvss: [Object]
224 silly audit report     },
224 silly audit report     {
224 silly audit report       id: 1113546,
224 silly audit report       url: 'https://github.com/advisories/GHSA-23c5-xmqv-rm74',
224 silly audit report       title: 'minimatch ReDoS: nested *() extglobs generate catastrophically backtracking regular expressions',
224 silly audit report       severity: 'high',
224 silly audit report       vulnerable_versions: '<3.1.4',
224 silly audit report       cwe: [Array],
224 silly audit report       cvss: [Object]
224 silly audit report     },
224 silly audit report     {
224 silly audit report       id: 1113552,
224 silly audit report       url: 'https://github.com/advisories/GHSA-23c5-xmqv-rm74',
224 silly audit report       title: 'minimatch ReDoS: nested *() extglobs generate catastrophically backtracking regular expressions',
224 silly audit report       severity: 'high',
224 silly audit report       vulnerable_versions: '>=9.0.0 <9.0.7',
224 silly audit report       cwe: [Array],
224 silly audit report       cvss: [Object]
224 silly audit report     }
224 silly audit report   ],
224 silly audit report   ajv: [
224 silly audit report     {
224 silly audit report       id: 1113714,
224 silly audit report       url: 'https://github.com/advisories/GHSA-2g4f-4pwh-qvx6',
224 silly audit report       title: 'ajv has ReDoS when using `$data` option',
224 silly audit report       severity: 'moderate',
224 silly audit report       vulnerable_versions: '<6.14.0',
224 silly audit report       cwe: [Array],
224 silly audit report       cvss: [Object]
224 silly audit report     }
224 silly audit report   ],
224 silly audit report   axios: [
224 silly audit report     {
224 silly audit report       id: 1112195,
224 silly audit report       url: 'https://github.com/advisories/GHSA-4hjh-wcwx-xvwj',
224 silly audit report       title: 'Axios is vulnerable to DoS attack through lack of data size check',
224 silly audit report       severity: 'high',
224 silly audit report       vulnerable_versions: '>=1.0.0 <1.12.0',
224 silly audit report       cwe: [Array],
224 silly audit report       cvss: [Object]
224 silly audit report     },
224 silly audit report     {
224 silly audit report       id: 1113275,
224 silly audit report       url: 'https://github.com/advisories/GHSA-43fc-jf86-j433',
224 silly audit report       title: 'Axios is Vulnerable to Denial of Service via __proto__ Key in mergeConfig',
224 silly audit report       severity: 'high',
224 silly audit report       vulnerable_versions: '>=1.0.0 <=1.13.4',
224 silly audit report       cwe: [Array],
224 silly audit report       cvss: [Object]
224 silly audit report     },
224 silly audit report     {
224 silly audit report       id: 1116673,
224 silly audit report       url: 'https://github.com/advisories/GHSA-3p68-rc4w-qgx5',
224 silly audit report       title: 'Axios has a NO_PROXY Hostname Normalization Bypass that Leads to SSRF',
224 silly audit report       severity: 'moderate',
224 silly audit report       vulnerable_versions: '>=1.0.0 <1.15.0',
224 silly audit report       cwe: [Array],
224 silly audit report       cvss: [Object]
224 silly audit report     },
224 silly audit report     {
224 silly audit report       id: 1116675,
224 silly audit report       url: 'https://github.com/advisories/GHSA-fvcv-3m26-pcqx',
224 silly audit report       title: 'Axios has Unrestricted Cloud Metadata Exfiltration via Header Injection Chain',
224 silly audit report       severity: 'moderate',
224 silly audit report       vulnerable_versions: '>=1.0.0 <1.15.0',
224 silly audit report       cwe: [Array],
224 silly audit report       cvss: [Object]
224 silly audit report     }
224 silly audit report   ],
224 silly audit report   flatted: [
224 silly audit report     {
224 silly audit report       id: 1114526,
224 silly audit report       url: 'https://github.com/advisories/GHSA-25h7-pfq9-p65f',
224 silly audit report       title: 'flatted vulnerable to unbounded recursion DoS in parse() revive phase',
224 silly audit report       severity: 'high',
224 silly audit report       vulnerable_versions: '<3.4.0',
224 silly audit report       cwe: [Array],
224 silly audit report       cvss: [Object]
224 silly audit report     },
224 silly audit report     {
224 silly audit report       id: 1115357,
224 silly audit report       url: 'https://github.com/advisories/GHSA-rf6f-7fwh-wjgh',
224 silly audit report       title: 'Prototype Pollution via parse() in NodeJS flatted',
224 silly audit report       severity: 'high',
224 silly audit report       vulnerable_versions: '<=3.4.1',
224 silly audit report       cwe: [Array],
224 silly audit report       cvss: [Object]
224 silly audit report     }
224 silly audit report   ],
224 silly audit report   'follow-redirects': [
224 silly audit report     {
224 silly audit report       id: 1116560,
224 silly audit report       url: 'https://github.com/advisories/GHSA-r4q5-vmmm-2653',
224 silly audit report       title: 'follow-redirects leaks Custom Authentication Headers to Cross-Domain Redirect Targets',
224 silly audit report       severity: 'moderate',
224 silly audit report       vulnerable_versions: '<=1.15.11',
224 silly audit report       cwe: [Array],
224 silly audit report       cvss: [Object]
224 silly audit report     }
224 silly audit report   ],
224 silly audit report   'js-yaml': [
224 silly audit report     {
224 silly audit report       id: 1112715,
224 silly audit report       url: 'https://github.com/advisories/GHSA-mh29-5h37-fv8m',
224 silly audit report       title: 'js-yaml has prototype pollution in merge (<<)',
224 silly audit report       severity: 'moderate',
224 silly audit report       vulnerable_versions: '>=4.0.0 <4.1.1',
224 silly audit report       cwe: [Array],
224 silly audit report       cvss: [Object]
224 silly audit report     }
224 silly audit report   ],
224 silly audit report   lodash: [
224 silly audit report     {
224 silly audit report       id: 1112455,
224 silly audit report       url: 'https://github.com/advisories/GHSA-xxjr-mmjv-4gpg',
224 silly audit report       title: 'Lodash has Prototype Pollution Vulnerability in `_.unset` and `_.omit` functions',
224 silly audit report       severity: 'moderate',
224 silly audit report       vulnerable_versions: '>=4.0.0 <=4.17.22',
224 silly audit report       cwe: [Array],
224 silly audit report       cvss: [Object]
224 silly audit report     },
224 silly audit report     {
224 silly audit report       id: 1115806,
224 silly audit report       url: 'https://github.com/advisories/GHSA-r5fr-rjxr-66jc',
224 silly audit report       title: 'lodash vulnerable to Code Injection via `_.template` imports key names',
224 silly audit report       severity: 'high',
224 silly audit report       vulnerable_versions: '>=4.0.0 <=4.17.23',
224 silly audit report       cwe: [Array],
224 silly audit report       cvss: [Object]
224 silly audit report     },
224 silly audit report     {
224 silly audit report       id: 1115810,
224 silly audit report       url: 'https://github.com/advisories/GHSA-f23m-r3pf-42rh',
224 silly audit report       title: 'lodash vulnerable to Prototype Pollution via array path bypass in `_.unset` and `_.omit`',
224 silly audit report       severity: 'moderate',
224 silly audit report       vulnerable_versions: '<=4.17.23',
224 silly audit report       cwe: [Array],
224 silly audit report       cvss: [Object]
224 silly audit report     }
224 silly audit report   ],
224 silly audit report   next: [
224 silly audit report     {
224 silly audit report       id: 1111366,
224 silly audit report       url: 'https://github.com/advisories/GHSA-9qr9-h5gf-34mp',
224 silly audit report       title: 'Next.js is vulnerable to RCE in React flight protocol',
224 silly audit report       severity: 'critical',
224 silly audit report       vulnerable_versions: '>=15.5.0-canary.0 <15.5.7',
224 silly audit report       cwe: [Array],
224 silly audit report       cvss: [Object]
224 silly audit report     },
224 silly audit report     {
224 silly audit report       id: 1111376,
224 silly audit report       url: 'https://github.com/advisories/GHSA-w37m-7fhw-fmv9',
224 silly audit report       title: 'Next Server Actions Source Code Exposure ',
224 silly audit report       severity: 'moderate',
224 silly audit report       vulnerable_versions: '>=15.5.1-canary.0 <15.5.8',
224 silly audit report       cwe: [Array],
224 silly audit report       cvss: [Object]
224 silly audit report     },
224 silly audit report     {
224 silly audit report       id: 1111385,
224 silly audit report       url: 'https://github.com/advisories/GHSA-mwv6-3258-q52c',
224 silly audit report       title: 'Next Vulnerable to Denial of Service with Server Components',
224 silly audit report       severity: 'high',
224 silly audit report       vulnerable_versions: '>=15.5.1-canary.0 <15.5.8',
224 silly audit report       cwe: [Array],
224 silly audit report       cvss: [Object]
224 silly audit report     },
224 silly audit report     {
224 silly audit report       id: 1112593,
224 silly audit report       url: 'https://github.com/advisories/GHSA-9g9p-9gw9-jx7f',
224 silly audit report       title: 'Next.js self-hosted applications vulnerable to DoS via Image Optimizer remotePatterns configuration',
224 silly audit report       severity: 'moderate',
224 silly audit report       vulnerable_versions: '>=10.0.0 <15.5.10',
224 silly audit report       cwe: [Array],
224 silly audit report       cvss: [Object]
224 silly audit report     },
224 silly audit report     {
224 silly audit report       id: 1112648,
224 silly audit report       url: 'https://github.com/advisories/GHSA-h25m-26qc-wcjf',
224 silly audit report       title: 'Next.js HTTP request deserialization can lead to DoS when using insecure React Server Components',
224 silly audit report       severity: 'high',
224 silly audit report       vulnerable_versions: '>=15.5.1-canary.0 <15.5.10',
224 silly audit report       cwe: [Array],
224 silly audit report       cvss: [Object]
224 silly audit report     },
224 silly audit report     {
224 silly audit report       id: 1114897,
224 silly audit report       url: 'https://github.com/advisories/GHSA-ggv3-7p47-pfv8',
224 silly audit report       title: 'Next.js: HTTP request smuggling in rewrites',
224 silly audit report       severity: 'moderate',
224 silly audit report       vulnerable_versions: '>=9.5.0 <15.5.13',
224 silly audit report       cwe: [Array],
224 silly audit report       cvss: [Object]
224 silly audit report     },
224 silly audit report     {
224 silly audit report       id: 1114940,
224 silly audit report       url: 'https://github.com/advisories/GHSA-3x4c-7xq6-9pq8',
224 silly audit report       title: 'Next.js: Unbounded next/image disk cache growth can exhaust storage',
224 silly audit report       severity: 'moderate',
224 silly audit report       vulnerable_versions: '>=10.0.0 <15.5.14',
224 silly audit report       cwe: [Array],
224 silly audit report       cvss: [Object]
224 silly audit report     },
224 silly audit report     {
224 silly audit report       id: 1116376,
224 silly audit report       url: 'https://github.com/advisories/GHSA-q4gf-8mx6-v5v3',
224 silly audit report       title: 'Next.js has a Denial of Service with Server Components',
224 silly audit report       severity: 'high',
224 silly audit report       vulnerable_versions: '>=13.0.0 <15.5.15',
224 silly audit report       cwe: [Array],
224 silly audit report       cvss: [Object]
224 silly audit report     }
224 silly audit report   ],
224 silly audit report   postcss: [
224 silly audit report     {
224 silly audit report       id: 1117015,
224 silly audit report       url: 'https://github.com/advisories/GHSA-qx2v-qp2m-jg93',
224 silly audit report       title: 'PostCSS has XSS via Unescaped </style> in its CSS Stringify Output',
224 silly audit report       severity: 'moderate',
224 silly audit report       vulnerable_versions: '<8.5.10',
224 silly audit report       cwe: [Array],
224 silly audit report       cvss: [Object]
224 silly audit report     }
224 silly audit report   ],
224 silly audit report   picomatch: [
224 silly audit report     {
224 silly audit report       id: 1115549,
224 silly audit report       url: 'https://github.com/advisories/GHSA-3v7f-55p6-f55p',
224 silly audit report       title: 'Picomatch: Method Injection in POSIX Character Classes causes incorrect Glob Matching',
224 silly audit report       severity: 'moderate',
224 silly audit report       vulnerable_versions: '<2.3.2',
224 silly audit report       cwe: [Array],
224 silly audit report       cvss: [Object]
224 silly audit report     },
224 silly audit report     {
224 silly audit report       id: 1115551,
224 silly audit report       url: 'https://github.com/advisories/GHSA-3v7f-55p6-f55p',
224 silly audit report       title: 'Picomatch: Method Injection in POSIX Character Classes causes incorrect Glob Matching',
224 silly audit report       severity: 'moderate',
224 silly audit report       vulnerable_versions: '>=4.0.0 <4.0.4',
224 silly audit report       cwe: [Array],
224 silly audit report       cvss: [Object]
224 silly audit report     },
224 silly audit report     {
224 silly audit report       id: 1115552,
224 silly audit report       url: 'https://github.com/advisories/GHSA-c2c7-rcm5-vvqj',
224 silly audit report       title: 'Picomatch has a ReDoS vulnerability via extglob quantifiers',
224 silly audit report       severity: 'high',
224 silly audit report       vulnerable_versions: '<2.3.2',
224 silly audit report       cwe: [Array],
224 silly audit report       cvss: [Object]
224 silly audit report     },
224 silly audit report     {
224 silly audit report       id: 1115554,
224 silly audit report       url: 'https://github.com/advisories/GHSA-c2c7-rcm5-vvqj',
224 silly audit report       title: 'Picomatch has a ReDoS vulnerability via extglob quantifiers',
224 silly audit report       severity: 'high',
224 silly audit report       vulnerable_versions: '>=4.0.0 <4.0.4',
224 silly audit report       cwe: [Array],
224 silly audit report       cvss: [Object]
224 silly audit report     }
224 silly audit report   ],
224 silly audit report   tar: [
224 silly audit report     {
224 silly audit report       id: 1112659,
224 silly audit report       url: 'https://github.com/advisories/GHSA-34x7-hfp2-rc4v',
224 silly audit report       title: 'node-tar Vulnerable to Arbitrary File Creation/Overwrite via Hardlink Path Traversal',
224 silly audit report       severity: 'high',
224 silly audit report       vulnerable_versions: '<7.5.7',
224 silly audit report       cwe: [Array],
224 silly audit report       cvss: [Object]
224 silly audit report     },
224 silly audit report     {
224 silly audit report       id: 1113300,
224 silly audit report       url: 'https://github.com/advisories/GHSA-8qq5-rm4j-mr97',
224 silly audit report       title: 'node-tar is Vulnerable to Arbitrary File Overwrite and Symlink Poisoning via Insufficient Path Sanitization',
224 silly audit report       severity: 'high',
224 silly audit report       vulnerable_versions: '<=7.5.2',
224 silly audit report       cwe: [Array],
224 silly audit report       cvss: [Object]
224 silly audit report     },
224 silly audit report     {
224 silly audit report       id: 1113375,
224 silly audit report       url: 'https://github.com/advisories/GHSA-83g3-92jg-28cx',
224 silly audit report       title: 'Arbitrary File Read/Write via Hardlink Target Escape Through Symlink Chain in node-tar Extraction',
224 silly audit report       severity: 'high',
224 silly audit report       vulnerable_versions: '<7.5.8',
224 silly audit report       cwe: [Array],
224 silly audit report       cvss: [Object]
224 silly audit report     },
224 silly audit report     {
224 silly audit report       id: 1114200,
224 silly audit report       url: 'https://github.com/advisories/GHSA-qffp-2rhf-9h96',
224 silly audit report       title: 'tar has Hardlink Path Traversal via Drive-Relative Linkpath',
224 silly audit report       severity: 'high',
224 silly audit report       vulnerable_versions: '<=7.5.9',
224 silly audit report       cwe: [Array],
224 silly audit report       cvss: [Object]
224 silly audit report     },
224 silly audit report     {
224 silly audit report       id: 1114302,
224 silly audit report       url: 'https://github.com/advisories/GHSA-9ppj-qmqm-q256',
224 silly audit report       title: 'node-tar Symlink Path Traversal via Drive-Relative Linkpath',
224 silly audit report       severity: 'high',
224 silly audit report       vulnerable_versions: '<=7.5.10',
224 silly audit report       cwe: [Array],
224 silly audit report       cvss: [Object]
224 silly audit report     },
224 silly audit report     {
224 silly audit report       id: 1114680,
224 silly audit report       url: 'https://github.com/advisories/GHSA-r6q2-hw4h-h46w',
224 silly audit report       title: 'Race Condition in node-tar Path Reservations via Unicode Ligature Collisions on macOS APFS',
224 silly audit report       severity: 'high',
224 silly audit report       vulnerable_versions: '<=7.5.3',
224 silly audit report       cwe: [Array],
224 silly audit report       cvss: [Object]
224 silly audit report     }
224 silly audit report   ]
224 silly audit report }
225 silly packumentCache corgi:https://registry.npmjs.org/@clerk%2fnextjs cache-miss
226 silly packumentCache corgi:https://registry.npmjs.org/@clerk%2fshared cache-miss
227 silly packumentCache corgi:https://registry.npmjs.org/brace-expansion cache-miss
228 silly packumentCache corgi:https://registry.npmjs.org/minimatch cache-miss
229 silly packumentCache corgi:https://registry.npmjs.org/ajv cache-miss
230 silly packumentCache corgi:https://registry.npmjs.org/axios cache-miss
231 silly packumentCache corgi:https://registry.npmjs.org/flatted cache-miss
232 silly packumentCache corgi:https://registry.npmjs.org/follow-redirects cache-miss
233 silly packumentCache corgi:https://registry.npmjs.org/js-yaml cache-miss
234 silly packumentCache corgi:https://registry.npmjs.org/lodash cache-miss
235 silly packumentCache corgi:https://registry.npmjs.org/next cache-miss
236 silly packumentCache corgi:https://registry.npmjs.org/postcss cache-miss
237 silly packumentCache corgi:https://registry.npmjs.org/picomatch cache-miss
238 silly packumentCache corgi:https://registry.npmjs.org/tar cache-miss
239 http cache https://registry.npmjs.org/brace-expansion 43ms (cache hit)
240 silly packumentCache corgi:https://registry.npmjs.org/brace-expansion set size:22573 disposed:false
241 http cache https://registry.npmjs.org/flatted 43ms (cache hit)
242 silly packumentCache corgi:https://registry.npmjs.org/flatted set size:57858 disposed:false
243 http cache https://registry.npmjs.org/minimatch 46ms (cache hit)
244 silly packumentCache corgi:https://registry.npmjs.org/minimatch set size:168441 disposed:false
245 http cache https://registry.npmjs.org/ajv 49ms (cache hit)
246 silly packumentCache corgi:https://registry.npmjs.org/ajv set size:467559 disposed:false
247 http cache https://registry.npmjs.org/follow-redirects 52ms (cache hit)
248 silly packumentCache corgi:https://registry.npmjs.org/follow-redirects set size:88479 disposed:false
249 http cache https://registry.npmjs.org/js-yaml 54ms (cache hit)
250 silly packumentCache corgi:https://registry.npmjs.org/js-yaml set size:58533 disposed:false
251 http cache https://registry.npmjs.org/tar 53ms (cache hit)
252 silly packumentCache corgi:https://registry.npmjs.org/tar set size:199254 disposed:false
253 http cache https://registry.npmjs.org/axios 61ms (cache hit)
254 silly packumentCache corgi:https://registry.npmjs.org/axios set size:285106 disposed:false
255 http cache https://registry.npmjs.org/lodash 63ms (cache hit)
256 silly packumentCache corgi:https://registry.npmjs.org/lodash set size:69555 disposed:false
257 http cache https://registry.npmjs.org/@clerk%2fshared 80ms (cache hit)
258 silly packumentCache corgi:https://registry.npmjs.org/@clerk%2fshared set size:5891596 disposed:false
259 http cache https://registry.npmjs.org/picomatch 147ms (cache hit)
260 silly packumentCache corgi:https://registry.npmjs.org/picomatch set size:44414 disposed:false
261 http cache https://registry.npmjs.org/@clerk%2fnextjs 163ms (cache hit)
262 silly packumentCache corgi:https://registry.npmjs.org/@clerk%2fnextjs set size:7355569 disposed:false
263 http cache https://registry.npmjs.org/next 276ms (cache hit)
264 silly packumentCache corgi:https://registry.npmjs.org/next set size:24786150 disposed:false
265 http cache https://registry.npmjs.org/postcss 682ms (cache hit)
266 silly packumentCache corgi:https://registry.npmjs.org/postcss set size:340497 disposed:false
267 silly packumentCache corgi:https://registry.npmjs.org/@clerk%2fbackend cache-miss
268 silly packumentCache corgi:https://registry.npmjs.org/@clerk%2fclerk-react cache-miss
269 http cache https://registry.npmjs.org/@clerk%2fbackend 74ms (cache hit)
270 silly packumentCache corgi:https://registry.npmjs.org/@clerk%2fbackend set size:5974561 disposed:false
271 http cache https://registry.npmjs.org/@clerk%2fclerk-react 139ms (cache hit)
272 silly packumentCache corgi:https://registry.npmjs.org/@clerk%2fclerk-react set size:6177317 disposed:false
273 silly packumentCache corgi:https://registry.npmjs.org/@eslint%2fconfig-array cache-miss
274 silly packumentCache corgi:https://registry.npmjs.org/@eslint%2feslintrc cache-miss
275 silly packumentCache corgi:https://registry.npmjs.org/eslint cache-miss
276 silly packumentCache corgi:https://registry.npmjs.org/eslint-plugin-import cache-miss
277 silly packumentCache corgi:https://registry.npmjs.org/eslint-plugin-jsx-a11y cache-miss
278 silly packumentCache corgi:https://registry.npmjs.org/eslint-plugin-react cache-miss
279 http cache https://registry.npmjs.org/@eslint%2feslintrc 17ms (cache hit)
280 silly packumentCache corgi:https://registry.npmjs.org/@eslint%2feslintrc set size:83205 disposed:false
281 http cache https://registry.npmjs.org/eslint-plugin-import 18ms (cache hit)
282 silly packumentCache corgi:https://registry.npmjs.org/eslint-plugin-import set size:238396 disposed:false
283 http cache https://registry.npmjs.org/eslint 24ms (cache hit)
284 silly packumentCache corgi:https://registry.npmjs.org/eslint set size:1151184 disposed:false
285 http cache https://registry.npmjs.org/eslint-plugin-react 30ms (cache hit)
286 silly packumentCache corgi:https://registry.npmjs.org/eslint-plugin-react set size:309843 disposed:false
287 http cache https://registry.npmjs.org/@eslint%2fconfig-array 34ms (cache hit)
288 silly packumentCache corgi:https://registry.npmjs.org/@eslint%2fconfig-array set size:19036 disposed:false
289 http cache https://registry.npmjs.org/eslint-plugin-jsx-a11y 34ms (cache hit)
290 silly packumentCache corgi:https://registry.npmjs.org/eslint-plugin-jsx-a11y set size:108835 disposed:false
291 silly packumentCache corgi:https://registry.npmjs.org/@typescript-eslint%2ftypescript-estree cache-miss
292 http cache https://registry.npmjs.org/@typescript-eslint%2ftypescript-estree 23ms (cache hit)
293 silly packumentCache corgi:https://registry.npmjs.org/@typescript-eslint%2ftypescript-estree set size:8603931 disposed:false
294 silly packumentCache corgi:https://registry.npmjs.org/flat-cache cache-miss
295 http cache https://registry.npmjs.org/flat-cache 8ms (cache hit)
296 silly packumentCache corgi:https://registry.npmjs.org/flat-cache set size:50282 disposed:false
297 silly packumentCache corgi:https://registry.npmjs.org/recharts cache-miss
298 http cache https://registry.npmjs.org/recharts 7ms (cache hit)
299 silly packumentCache corgi:https://registry.npmjs.org/recharts set size:785054 disposed:false
300 silly packumentCache corgi:https://registry.npmjs.org/@tailwindcss%2fpostcss cache-miss
301 http cache https://registry.npmjs.org/@tailwindcss%2fpostcss 41ms (cache hit)
302 silly packumentCache corgi:https://registry.npmjs.org/@tailwindcss%2fpostcss set size:870612 disposed:false
303 silly packumentCache corgi:https://registry.npmjs.org/micromatch cache-miss
304 http cache https://registry.npmjs.org/micromatch 12ms (cache hit)
305 silly packumentCache corgi:https://registry.npmjs.org/micromatch set size:71776 disposed:false
306 silly packumentCache corgi:https://registry.npmjs.org/tinyglobby cache-miss
307 silly packumentCache corgi:https://registry.npmjs.org/fdir cache-miss
308 http cache https://registry.npmjs.org/fdir 8ms (cache hit)
309 silly packumentCache corgi:https://registry.npmjs.org/fdir set size:76905 disposed:false
310 http cache https://registry.npmjs.org/tinyglobby 10ms (cache hit)
311 silly packumentCache corgi:https://registry.npmjs.org/tinyglobby set size:18884 disposed:false
312 silly packumentCache corgi:https://registry.npmjs.org/@tailwindcss%2foxide cache-miss
313 http cache https://registry.npmjs.org/@tailwindcss%2foxide 11ms (cache hit)
314 silly packumentCache corgi:https://registry.npmjs.org/@tailwindcss%2foxide set size:2131458 disposed:false
315 info run prisma@6.19.3 preinstall node_modules/prisma node scripts/preinstall-entry.js
316 info run prisma@6.19.3 preinstall { code: 0, signal: null }
317 info run @prisma/engines@6.19.3 postinstall node_modules/@prisma/engines node scripts/postinstall.js
318 info run @prisma/engines@6.19.3 postinstall { code: 0, signal: null }
319 silly ADD node_modules/destr
320 silly ADD node_modules/tinyexec
321 silly ADD node_modules/nypm
322 silly ADD node_modules/nypm/node_modules/citty
323 silly ADD node_modules/node-fetch-native
324 silly ADD node_modules/consola
325 silly ADD node_modules/citty
326 silly ADD node_modules/pure-rand
327 silly ADD node_modules/fast-check
328 silly ADD node_modules/@standard-schema/spec
329 silly ADD node_modules/readdirp
330 silly ADD node_modules/rc9
331 silly ADD node_modules/pkg-types
332 silly ADD node_modules/perfect-debounce
333 silly ADD node_modules/pathe
334 silly ADD node_modules/ohash
335 silly ADD node_modules/giget
336 silly ADD node_modules/exsolve
337 silly ADD node_modules/dotenv
338 silly ADD node_modules/defu
339 silly ADD node_modules/confbox
340 silly ADD node_modules/chokidar
341 silly ADD node_modules/@prisma/get-platform
342 silly ADD node_modules/@prisma/fetch-engine
343 silly ADD node_modules/@prisma/engines-version
344 silly ADD node_modules/@prisma/debug
345 silly ADD node_modules/empathic
346 silly ADD node_modules/effect
347 silly ADD node_modules/deepmerge-ts
348 silly ADD node_modules/c12
349 silly ADD node_modules/@prisma/engines
350 silly ADD node_modules/@prisma/config
351 silly ADD node_modules/prisma
352 verbose cwd C:\Users\loq\OneDrive\Documents\Desktop\Archive\Nextjs-Course-2026-master\Fullstack-Projects\leetcode
353 verbose os Windows_NT 10.0.26200
354 verbose node v25.2.1
355 verbose npm  v11.6.2
356 verbose exit 0
357 info ok
